2015-04-16 02:24:43 Error: [PDOException] SQLSTATE[HY000] [1045] Access denied for user 'buildzerosix'@'localhost' (using password: YES)
Request URL: /dash-build-0/buildzerosix/users/login
Stack Trace:
#0 /Applications/MAMP/htdocs/dash-build-0/buildzerosix/vendor/cakephp/cakephp/src/Database/Driver/PDODriverTrait.php(48): PDO->__construct('mysql:host=loca...', 'buildzerosix', 'asdasd', Array)
#1 /Applications/MAMP/htdocs/dash-build-0/buildzerosix/vendor/cakephp/cakephp/src/Database/Driver/Mysql.php(86): Cake\Database\Driver\Mysql->_connect('mysql:host=loca...', Array)
#2 /Applications/MAMP/htdocs/dash-build-0/buildzerosix/vendor/cakephp/cakephp/src/Database/Schema/BaseSchema.php(46): Cake\Database\Driver\Mysql->connect()
#3 /Applications/MAMP/htdocs/dash-build-0/buildzerosix/vendor/cakephp/cakephp/src/Database/Dialect/MysqlDialectTrait.php(62): Cake\Database\Schema\BaseSchema->__construct(Object(Cake\Database\Driver\Mysql))
#4 /Applications/MAMP/htdocs/dash-build-0/buildzerosix/vendor/cakephp/cakephp/src/Database/Schema/Collection.php(52): Cake\Database\Driver\Mysql->schemaDialect()
#5 /Applications/MAMP/htdocs/dash-build-0/buildzerosix/vendor/cakephp/cakephp/src/Database/Schema/CachedCollection.php(44): Cake\Database\Schema\Collection->__construct(Object(Cake\Database\Connection))
#6 /Applications/MAMP/htdocs/dash-build-0/buildzerosix/vendor/cakephp/cakephp/src/Database/Connection.php(319): Cake\Database\Schema\CachedCollection->__construct(Object(Cake\Database\Connection), true)
#7 /Applications/MAMP/htdocs/dash-build-0/buildzerosix/vendor/cakephp/cakephp/src/ORM/Table.php(424): Cake\Database\Connection->schemaCollection()
#8 /Applications/MAMP/htdocs/dash-build-0/buildzerosix/vendor/cakephp/cakephp/src/ORM/Query.php(141): Cake\ORM\Table->schema()
#9 /Applications/MAMP/htdocs/dash-build-0/buildzerosix/vendor/cakephp/cakephp/src/ORM/Query.php(123): Cake\ORM\Query->addDefaultTypes(Object(App\Model\Table\UsersTable))
#10 /Applications/MAMP/htdocs/dash-build-0/buildzerosix/vendor/cakephp/cakephp/src/ORM/Table.php(1147): Cake\ORM\Query->__construct(Object(Cake\Database\Connection), Object(App\Model\Table\UsersTable))
#11 /Applications/MAMP/htdocs/dash-build-0/buildzerosix/vendor/cakephp/cakephp/src/ORM/Table.php(882): Cake\ORM\Table->query()
#12 /Applications/MAMP/htdocs/dash-build-0/buildzerosix/vendor/cakephp/cakephp/src/Auth/BaseAuthenticate.php(116): Cake\ORM\Table->find('all')
#13 /Applications/MAMP/htdocs/dash-build-0/buildzerosix/vendor/cakephp/cakephp/src/Auth/FormAuthenticate.php(77): Cake\Auth\BaseAuthenticate->_findUser('Admin', 'asdasd')
#14 /Applications/MAMP/htdocs/dash-build-0/buildzerosix/vendor/cakephp/cakephp/src/Controller/Component/AuthComponent.php(741): Cake\Auth\FormAuthenticate->authenticate(Object(Cake\Network\Request), Object(Cake\Network\Response))
#15 /Applications/MAMP/htdocs/dash-build-0/buildzerosix/src/Controller/UsersController.php(65): Cake\Controller\Component\AuthComponent->identify()
#16 [internal function]: App\Controller\UsersController->login()
#17 /Applications/MAMP/htdocs/dash-build-0/buildzerosix/vendor/cakephp/cakephp/src/Controller/Controller.php(404): call_user_func_array(Array, Array)
#18 /Applications/MAMP/htdocs/dash-build-0/buildzerosix/vendor/cakephp/cakephp/src/Routing/Dispatcher.php(114): Cake\Controller\Controller->invokeAction()
#19 /Applications/MAMP/htdocs/dash-build-0/buildzerosix/vendor/cakephp/cakephp/src/Routing/Dispatcher.php(87): Cake\Routing\Dispatcher->_invoke(Object(App\Controller\UsersController))
#20 /Applications/MAMP/htdocs/dash-build-0/buildzerosix/webroot/index.php(37): Cake\Routing\Dispatcher->dispatch(Object(Cake\Network\Request), Object(Cake\Network\Response))
#21 {main}


2015-04-16 02:24:48 Error: [PDOException] SQLSTATE[HY000] [1045] Access denied for user 'buildzerosix'@'localhost' (using password: YES)
Request URL: /dash-build-0/buildzerosix/users/add
Stack Trace:
#0 /Applications/MAMP/htdocs/dash-build-0/buildzerosix/vendor/cakephp/cakephp/src/Database/Driver/PDODriverTrait.php(48): PDO->__construct('mysql:host=loca...', 'buildzerosix', 'asdasd', Array)
#1 /Applications/MAMP/htdocs/dash-build-0/buildzerosix/vendor/cakephp/cakephp/src/Database/Driver/Mysql.php(86): Cake\Database\Driver\Mysql->_connect('mysql:host=loca...', Array)
#2 /Applications/MAMP/htdocs/dash-build-0/buildzerosix/vendor/cakephp/cakephp/src/Database/Schema/BaseSchema.php(46): Cake\Database\Driver\Mysql->connect()
#3 /Applications/MAMP/htdocs/dash-build-0/buildzerosix/vendor/cakephp/cakephp/src/Database/Dialect/MysqlDialectTrait.php(62): Cake\Database\Schema\BaseSchema->__construct(Object(Cake\Database\Driver\Mysql))
#4 /Applications/MAMP/htdocs/dash-build-0/buildzerosix/vendor/cakephp/cakephp/src/Database/Schema/Collection.php(52): Cake\Database\Driver\Mysql->schemaDialect()
#5 /Applications/MAMP/htdocs/dash-build-0/buildzerosix/vendor/cakephp/cakephp/src/Database/Schema/CachedCollection.php(44): Cake\Database\Schema\Collection->__construct(Object(Cake\Database\Connection))
#6 /Applications/MAMP/htdocs/dash-build-0/buildzerosix/vendor/cakephp/cakephp/src/Database/Connection.php(319): Cake\Database\Schema\CachedCollection->__construct(Object(Cake\Database\Connection), true)
#7 /Applications/MAMP/htdocs/dash-build-0/buildzerosix/vendor/cakephp/cakephp/src/ORM/Table.php(424): Cake\Database\Connection->schemaCollection()
#8 /Applications/MAMP/htdocs/dash-build-0/buildzerosix/vendor/cakephp/cakephp/src/ORM/Table.php(501): Cake\ORM\Table->schema()
#9 /Applications/MAMP/htdocs/dash-build-0/buildzerosix/vendor/cakephp/cakephp/src/View/Form/EntityContext.php(172): Cake\ORM\Table->primaryKey()
#10 /Applications/MAMP/htdocs/dash-build-0/buildzerosix/vendor/cakephp/cakephp/src/View/Helper/FormHelper.php(1151): Cake\View\Form\EntityContext->isPrimaryKey('username')
#11 /Applications/MAMP/htdocs/dash-build-0/buildzerosix/vendor/cakephp/cakephp/src/View/Helper/FormHelper.php(1131): Cake\View\Helper\FormHelper->_inputType('username', Array)
#12 /Applications/MAMP/htdocs/dash-build-0/buildzerosix/vendor/cakephp/cakephp/src/View/Helper/FormHelper.php(992): Cake\View\Helper\FormHelper->_parseOptions('username', Array)
#13 /Applications/MAMP/htdocs/dash-build-0/buildzerosix/src/Template/Users/add.ctp(7): Cake\View\Helper\FormHelper->input('username')
#14 /Applications/MAMP/htdocs/dash-build-0/buildzerosix/vendor/cakephp/cakephp/src/View/View.php(815): include('/Applications/M...')
#15 /Applications/MAMP/htdocs/dash-build-0/buildzerosix/vendor/cakephp/cakephp/src/View/View.php(775): Cake\View\View->_evaluate('/Applications/M...', Array)
#16 /Applications/MAMP/htdocs/dash-build-0/buildzerosix/vendor/cakephp/cakephp/src/View/View.php(463): Cake\View\View->_render('/Applications/M...')
#17 /Applications/MAMP/htdocs/dash-build-0/buildzerosix/vendor/cakephp/cakephp/src/Controller/Controller.php(575): Cake\View\View->render(NULL, NULL)
#18 /Applications/MAMP/htdocs/dash-build-0/buildzerosix/vendor/cakephp/cakephp/src/Routing/Dispatcher.php(120): Cake\Controller\Controller->render()
#19 /Applications/MAMP/htdocs/dash-build-0/buildzerosix/vendor/cakephp/cakephp/src/Routing/Dispatcher.php(87): Cake\Routing\Dispatcher->_invoke(Object(App\Controller\UsersController))
#20 /Applications/MAMP/htdocs/dash-build-0/buildzerosix/webroot/index.php(37): Cake\Routing\Dispatcher->dispatch(Object(Cake\Network\Request), Object(Cake\Network\Response))
#21 {main}


2015-04-16 02:26:09 Error: [PDOException] SQLSTATE[HY000] [1045] Access denied for user 'buildzerosix'@'localhost' (using password: YES)
Request URL: /dash-build-0/buildzerosix/users/login
Stack Trace:
#0 /Applications/MAMP/htdocs/dash-build-0/buildzerosix/vendor/cakephp/cakephp/src/Database/Driver/PDODriverTrait.php(48): PDO->__construct('mysql:host=loca...', 'buildzerosix', 'asdasd', Array)
#1 /Applications/MAMP/htdocs/dash-build-0/buildzerosix/vendor/cakephp/cakephp/src/Database/Driver/Mysql.php(86): Cake\Database\Driver\Mysql->_connect('mysql:host=loca...', Array)
#2 /Applications/MAMP/htdocs/dash-build-0/buildzerosix/vendor/cakephp/cakephp/src/Database/Schema/BaseSchema.php(46): Cake\Database\Driver\Mysql->connect()
#3 /Applications/MAMP/htdocs/dash-build-0/buildzerosix/vendor/cakephp/cakephp/src/Database/Dialect/MysqlDialectTrait.php(62): Cake\Database\Schema\BaseSchema->__construct(Object(Cake\Database\Driver\Mysql))
#4 /Applications/MAMP/htdocs/dash-build-0/buildzerosix/vendor/cakephp/cakephp/src/Database/Schema/Collection.php(52): Cake\Database\Driver\Mysql->schemaDialect()
#5 /Applications/MAMP/htdocs/dash-build-0/buildzerosix/vendor/cakephp/cakephp/src/Database/Schema/CachedCollection.php(44): Cake\Database\Schema\Collection->__construct(Object(Cake\Database\Connection))
#6 /Applications/MAMP/htdocs/dash-build-0/buildzerosix/vendor/cakephp/cakephp/src/Database/Connection.php(319): Cake\Database\Schema\CachedCollection->__construct(Object(Cake\Database\Connection), true)
#7 /Applications/MAMP/htdocs/dash-build-0/buildzerosix/vendor/cakephp/cakephp/src/ORM/Table.php(424): Cake\Database\Connection->schemaCollection()
#8 /Applications/MAMP/htdocs/dash-build-0/buildzerosix/vendor/cakephp/cakephp/src/ORM/Query.php(141): Cake\ORM\Table->schema()
#9 /Applications/MAMP/htdocs/dash-build-0/buildzerosix/vendor/cakephp/cakephp/src/ORM/Query.php(123): Cake\ORM\Query->addDefaultTypes(Object(App\Model\Table\UsersTable))
#10 /Applications/MAMP/htdocs/dash-build-0/buildzerosix/vendor/cakephp/cakephp/src/ORM/Table.php(1147): Cake\ORM\Query->__construct(Object(Cake\Database\Connection), Object(App\Model\Table\UsersTable))
#11 /Applications/MAMP/htdocs/dash-build-0/buildzerosix/vendor/cakephp/cakephp/src/ORM/Table.php(882): Cake\ORM\Table->query()
#12 /Applications/MAMP/htdocs/dash-build-0/buildzerosix/vendor/cakephp/cakephp/src/Auth/BaseAuthenticate.php(116): Cake\ORM\Table->find('all')
#13 /Applications/MAMP/htdocs/dash-build-0/buildzerosix/vendor/cakephp/cakephp/src/Auth/FormAuthenticate.php(77): Cake\Auth\BaseAuthenticate->_findUser('Admin', 'asdasd')
#14 /Applications/MAMP/htdocs/dash-build-0/buildzerosix/vendor/cakephp/cakephp/src/Controller/Component/AuthComponent.php(741): Cake\Auth\FormAuthenticate->authenticate(Object(Cake\Network\Request), Object(Cake\Network\Response))
#15 /Applications/MAMP/htdocs/dash-build-0/buildzerosix/src/Controller/UsersController.php(65): Cake\Controller\Component\AuthComponent->identify()
#16 [internal function]: App\Controller\UsersController->login()
#17 /Applications/MAMP/htdocs/dash-build-0/buildzerosix/vendor/cakephp/cakephp/src/Controller/Controller.php(404): call_user_func_array(Array, Array)
#18 /Applications/MAMP/htdocs/dash-build-0/buildzerosix/vendor/cakephp/cakephp/src/Routing/Dispatcher.php(114): Cake\Controller\Controller->invokeAction()
#19 /Applications/MAMP/htdocs/dash-build-0/buildzerosix/vendor/cakephp/cakephp/src/Routing/Dispatcher.php(87): Cake\Routing\Dispatcher->_invoke(Object(App\Controller\UsersController))
#20 /Applications/MAMP/htdocs/dash-build-0/buildzerosix/webroot/index.php(37): Cake\Routing\Dispatcher->dispatch(Object(Cake\Network\Request), Object(Cake\Network\Response))
#21 {main}


2015-04-16 02:29:27 Error: [Cake\Database\Exception] SQLSTATE[42S02]: Base table or view not found: 1146 Table 'buildzerosix.users' doesn't exist
Request URL: /dash-build-0/buildzerosix/users/login
Stack Trace:
#0 /Applications/MAMP/htdocs/dash-build-0/buildzerosix/vendor/cakephp/cakephp/src/Database/Schema/Collection.php(96): Cake\Database\Schema\Collection->_reflect('Column', 'users', Array, Object(Cake\Database\Schema\Table))
#1 /Applications/MAMP/htdocs/dash-build-0/buildzerosix/vendor/cakephp/cakephp/src/Database/Schema/CachedCollection.php(65): Cake\Database\Schema\Collection->describe('users', Array)
#2 /Applications/MAMP/htdocs/dash-build-0/buildzerosix/vendor/cakephp/cakephp/src/ORM/Table.php(425): Cake\Database\Schema\CachedCollection->describe('users')
#3 /Applications/MAMP/htdocs/dash-build-0/buildzerosix/vendor/cakephp/cakephp/src/ORM/Query.php(141): Cake\ORM\Table->schema()
#4 /Applications/MAMP/htdocs/dash-build-0/buildzerosix/vendor/cakephp/cakephp/src/ORM/Query.php(123): Cake\ORM\Query->addDefaultTypes(Object(App\Model\Table\UsersTable))
#5 /Applications/MAMP/htdocs/dash-build-0/buildzerosix/vendor/cakephp/cakephp/src/ORM/Table.php(1147): Cake\ORM\Query->__construct(Object(Cake\Database\Connection), Object(App\Model\Table\UsersTable))
#6 /Applications/MAMP/htdocs/dash-build-0/buildzerosix/vendor/cakephp/cakephp/src/ORM/Table.php(882): Cake\ORM\Table->query()
#7 /Applications/MAMP/htdocs/dash-build-0/buildzerosix/vendor/cakephp/cakephp/src/Auth/BaseAuthenticate.php(116): Cake\ORM\Table->find('all')
#8 /Applications/MAMP/htdocs/dash-build-0/buildzerosix/vendor/cakephp/cakephp/src/Auth/FormAuthenticate.php(77): Cake\Auth\BaseAuthenticate->_findUser('Admin', 'asdasd')
#9 /Applications/MAMP/htdocs/dash-build-0/buildzerosix/vendor/cakephp/cakephp/src/Controller/Component/AuthComponent.php(741): Cake\Auth\FormAuthenticate->authenticate(Object(Cake\Network\Request), Object(Cake\Network\Response))
#10 /Applications/MAMP/htdocs/dash-build-0/buildzerosix/src/Controller/UsersController.php(65): Cake\Controller\Component\AuthComponent->identify()
#11 [internal function]: App\Controller\UsersController->login()
#12 /Applications/MAMP/htdocs/dash-build-0/buildzerosix/vendor/cakephp/cakephp/src/Controller/Controller.php(404): call_user_func_array(Array, Array)
#13 /Applications/MAMP/htdocs/dash-build-0/buildzerosix/vendor/cakephp/cakephp/src/Routing/Dispatcher.php(114): Cake\Controller\Controller->invokeAction()
#14 /Applications/MAMP/htdocs/dash-build-0/buildzerosix/vendor/cakephp/cakephp/src/Routing/Dispatcher.php(87): Cake\Routing\Dispatcher->_invoke(Object(App\Controller\UsersController))
#15 /Applications/MAMP/htdocs/dash-build-0/buildzerosix/webroot/index.php(37): Cake\Routing\Dispatcher->dispatch(Object(Cake\Network\Request), Object(Cake\Network\Response))
#16 {main}


